<?xml version="1.0" encoding="UTF-8"?>
<testsuite name="com.java.library.core.sorting.ImplementFastSortingTest" time="0" tests="3" errors="0" skipped="0" failures="3">
  <properties>
[...]
</properties>
  <testcase name="sort1" classname="com.java.library.core.sorting.ImplementFastSortingTest" time="0">
    <failure message="&#10;Expected: 0 -&gt; 1 -&gt; 2 -&gt; 3 -&gt; 4 -&gt; 5 -&gt; 6 -&gt; 7 -&gt; 8 -&gt; 9 -&gt; null&#10;Actual: null&#10;" type="java.lang.AssertionError">java.lang.AssertionError: 
Expected: 0 -> 1 -> 2 -> 3 -> 4 -> 5 -> 6 -> 7 -> 8 -> 9 -> null
Actual: null

	at org.junit.Assert.fail(Assert.java:88)
	at com.java.library.core.util.AssertUtils.assertSameList(AssertUtils.java:37)
	at com.java.library.core.sorting.ImplementFastSortingTest.test(ImplementFastSortingTest.java:45)
	at com.java.library.core.sorting.ImplementFastSortingTest.sort1(ImplementFastSortingTest.java:23)
</failure>
  </testcase>
  <testcase name="sort2" classname="com.java.library.core.sorting.ImplementFastSortingTest" time="0">
    <failure message="&#10;Expected: 0 -&gt; 1 -&gt; 2 -&gt; 3 -&gt; 4 -&gt; 5 -&gt; 6 -&gt; 7 -&gt; 8 -&gt; 9 -&gt; 10 -&gt; 11 -&gt; 12 -&gt; 13 -&gt; 14 -&gt; 15 -&gt; 16 -&gt; 17 -&gt; 18 -&gt; 19 -&gt; 20 -&gt; 21 -&gt; 22 -&gt; 23 -&gt; 24 -&gt; 25 -&gt; 26 -&gt; 27 -&gt; 28 -&gt; 29 -&gt; 30 -&gt; 31 -&gt; 32 -&gt; 33 -&gt; 34 -&gt; 35 -&gt; 36 -&gt; 37 -&gt; 38 -&gt; 39 -&gt; 40 -&gt; 41 -&gt; 42 -&gt; 43 -&gt; 44 -&gt; 45 -&gt; 46 -&gt; 47 -&gt; 48 -&gt; 49 -&gt; null&#10;Actual: null&#10;" type="java.lang.AssertionError">java.lang.AssertionError: 
Expected: 0 -> 1 -> 2 -> 3 -> 4 -> 5 -> 6 -> 7 -> 8 -> 9 -> 10 -> 11 -> 12 -> 13 -> 14 -> 15 -> 16 -> 17 -> 18 -> 19 -> 20 -> 21 -> 22 -> 23 -> 24 -> 25 -> 26 -> 27 -> 28 -> 29 -> 30 -> 31 -> 32 -> 33 -> 34 -> 35 -> 36 -> 37 -> 38 -> 39 -> 40 -> 41 -> 42 -> 43 -> 44 -> 45 -> 46 -> 47 -> 48 -> 49 -> null
Actual: null

	at org.junit.Assert.fail(Assert.java:88)
	at com.java.library.core.util.AssertUtils.assertSameList(AssertUtils.java:37)
	at com.java.library.core.sorting.ImplementFastSortingTest.test(ImplementFastSortingTest.java:45)
	at com.java.library.core.sorting.ImplementFastSortingTest.sort2(ImplementFastSortingTest.java:30)
</failure>
  </testcase>
  <testcase name="sort3" classname="com.java.library.core.sorting.ImplementFastSortingTest" time="0">
    <failure message="&#10;Expected: 0 -&gt; 1 -&gt; 2 -&gt; 3 -&gt; 4 -&gt; 5 -&gt; 6 -&gt; 7 -&gt; 8 -&gt; 9 -&gt; 10 -&gt; 11 -&gt; 12 -&gt; 13 -&gt; 14 -&gt; 15 -&gt; 16 -&gt; 17 -&gt; 18 -&gt; 19 -&gt; 20 -&gt; 21 -&gt; 22 -&gt; 23 -&gt; 24 -&gt; 25 -&gt; 26 -&gt; 27 -&gt; 28 -&gt; 29 -&gt; 30 -&gt; 31 -&gt; 32 -&gt; 33 -&gt; 34 -&gt; 35 -&gt; 36 -&gt; 37 -&gt; 38 -&gt; 39 -&gt; 40 -&gt; 41 -&gt; 42 -&gt; 43 -&gt; 44 -&gt; 45 -&gt; 46 -&gt; 47 -&gt; 48 -&gt; 49 -&gt; 50 -&gt; 51 -&gt; 52 -&gt; 53 -&gt; 54 -&gt; 55 -&gt; 56 -&gt; 57 -&gt; 58 -&gt; 59 -&gt; 60 -&gt; 61 -&gt; 62 -&gt; 63 -&gt; 64 -&gt; 65 -&gt; 66 -&gt; 67 -&gt; 68 -&gt; 69 -&gt; 70 -&gt; 71 -&gt; 72 -&gt; 73 -&gt; 74 -&gt; 75 -&gt; 76 -&gt; 77 -&gt; 78 -&gt; 79 -&gt; 80 -&gt; 81 -&gt; 82 -&gt; 83 -&gt; 84 -&gt; 85 -&gt; 86 -&gt; 87 -&gt; 88 -&gt; 89 -&gt; 90 -&gt; 91 -&gt; 92 -&gt; 93 -&gt; 94 -&gt; 95 -&gt; 96 -&gt; 97 -&gt; 98 -&gt; 99 -&gt; null&#10;Actual: null&#10;" type="java.lang.AssertionError">java.lang.AssertionError: 
Expected: 0 -> 1 -> 2 -> 3 -> 4 -> 5 -> 6 -> 7 -> 8 -> 9 -> 10 -> 11 -> 12 -> 13 -> 14 -> 15 -> 16 -> 17 -> 18 -> 19 -> 20 -> 21 -> 22 -> 23 -> 24 -> 25 -> 26 -> 27 -> 28 -> 29 -> 30 -> 31 -> 32 -> 33 -> 34 -> 35 -> 36 -> 37 -> 38 -> 39 -> 40 -> 41 -> 42 -> 43 -> 44 -> 45 -> 46 -> 47 -> 48 -> 49 -> 50 -> 51 -> 52 -> 53 -> 54 -> 55 -> 56 -> 57 -> 58 -> 59 -> 60 -> 61 -> 62 -> 63 -> 64 -> 65 -> 66 -> 67 -> 68 -> 69 -> 70 -> 71 -> 72 -> 73 -> 74 -> 75 -> 76 -> 77 -> 78 -> 79 -> 80 -> 81 -> 82 -> 83 -> 84 -> 85 -> 86 -> 87 -> 88 -> 89 -> 90 -> 91 -> 92 -> 93 -> 94 -> 95 -> 96 -> 97 -> 98 -> 99 -> null
Actual: null

	at org.junit.Assert.fail(Assert.java:88)
	at com.java.library.core.util.AssertUtils.assertSameList(AssertUtils.java:37)
	at com.java.library.core.sorting.ImplementFastSortingTest.test(ImplementFastSortingTest.java:45)
	at com.java.library.core.sorting.ImplementFastSortingTest.sort3(ImplementFastSortingTest.java:37)
</failure>
  </testcase>
</testsuite>