<?xml version="1.0" encoding="UTF-8"?>
<testsuite name="com.java.library.core.sorting.ImplementFastSortingTest" time="0" tests="3" errors="0" skipped="0" failures="3">
  <properties>
    <property name="java.runtime.name" value="Java(TM) SE Runtime Environment"/>
    <property name="sun.boot.library.path" value="C:\Program Files\Java\jdk1.8.0_221\jre\bin"/>
    <property name="java.vm.version" value="25.221-b11"/>
    <property name="java.vm.vendor" value="Oracle Corporation"/>
    <property name="maven.multiModuleProjectDirectory" value="D:\Dung\Source\Github\java-core"/>
    <property name="java.vendor.url" value="http://java.oracle.com/"/>
    <property name="path.separator" value=";"/>
    <property name="guice.disable.misplaced.annotation.check" value="true"/>
    <property name="java.vm.name" value="Java HotSpot(TM) 64-Bit Server VM"/>
    <property name="file.encoding.pkg" value="sun.io"/>
    <property name="user.script" value=""/>
    <property name="user.country" value="US"/>
    <property name="sun.java.launcher" value="SUN_STANDARD"/>
    <property name="sun.os.patch.level" value=""/>
    <property name="java.vm.specification.name" value="Java Virtual Machine Specification"/>
    <property name="user.dir" value="D:\Dung\Source\Github\java-core"/>
    <property name="java.runtime.version" value="1.8.0_221-b11"/>
    <property name="java.awt.graphicsenv" value="sun.awt.Win32GraphicsEnvironment"/>
    <property name="java.endorsed.dirs" value="C:\Program Files\Java\jdk1.8.0_221\jre\lib\endorsed"/>
    <property name="os.arch" value="amd64"/>
    <property name="java.io.tmpdir" value="C:\Users\PHUOCN~1\AppData\Local\Temp\"/>
    <property name="line.separator" value="&#10;"/>
    <property name="java.vm.specification.vendor" value="Oracle Corporation"/>
    <property name="user.variant" value=""/>
    <property name="os.name" value="Windows 10"/>
    <property name="classworlds.conf" value="D:\Dung\Source\Github\.metadata\.plugins\org.eclipse.m2e.launching\launches\m2conf8589937297107283268.tmp"/>
    <property name="sun.jnu.encoding" value="Cp1252"/>
    <property name="java.library.path" value="C:\Program Files\Java\jdk1.8.0_221\bin;C:\WINDOWS\Sun\Java\bin;C:\WINDOWS\system32;C:\WINDOWS;C:/Program Files/Java/jre1.8.0_221/bin/server;C:/Program Files/Java/jre1.8.0_221/bin;C:/Program Files/Java/jre1.8.0_221/lib/amd64;C:\ProgramData\Oracle\Java\javapath;C:\Program Files\AdoptOpenJDK\jdk-13.0.1.9-hotspot\bin;C:\Program Files (x86)\Python38-32\Scripts\;C:\Program Files (x86)\Python38-32\;C:\Program Files (x86)\Common Files\Oracle\Java\javapath;C:\WINDOWS\system32;C:\WINDOWS;C:\WINDOWS\System32\Wbem;C:\WINDOWS\System32\WindowsPowerShell\v1.0\;C:\WINDOWS\System32\OpenSSH\;%JAVA_HOME%\bin;C:\Program Files\nodejs\;%MAVEN_HOME%\bin;C:\Program Files\Microsoft SQL Server\Client SDK\ODBC\130\Tools\Binn\;C:\Program Files (x86)\Microsoft SQL Server\130\Tools\Binn\;C:\Program Files\Microsoft SQL Server\130\Tools\Binn\;C:\Program Files\Microsoft SQL Server\130\DTS\Binn\;C:\Program Files (x86)\Microsoft SQL Server\150\DTS\Binn\;C:\Program Files\IBM\Cloud\bin;C:\Program Files\Cloud Foundry;C:\Program Files\TortoiseGit\bin;C:\Program Files\PuTTY\;%ZOOKEEPER_HOME%\bin;C:\Program Files\Git\cmd;%SPARK_HOME%\bin;%HADOOP_HOME%\bin;C:\Program Files (x86)\Python38-32\Scripts;C:\Program Files (x86)\Python38-32\Scripts\pip.exe;C:\Program Files\Microsoft VS Code\bin;C:\Program Files\dotnet\;C:\Program Files\Docker\Docker\resources\bin;C:\ProgramData\DockerDesktop\version-bin;C:\Program Files (x86)\WinMerge;C:\Program Files\MySQL\MySQL Shell 8.0\bin\;C:\Users\PhuocNguyen\AppData\Local\Programs\Python\Python38-32\Scripts\;C:\Users\PhuocNguyen\AppData\Local\Programs\Python\Python38-32\;C:\Users\PhuocNguyen\AppData\Local\Microsoft\WindowsApps;C:\Users\PhuocNguyen\AppData\Roaming\npm;C:\Program Files\Docker Toolbox;C:\Users\PhuocNguyen\AppData\Local\Programs\Microsoft VS Code\bin;C:\Program Files\JetBrains\PyCharm Community Edition 2019.3.2\bin;;D:\Dung\Tool\eclip\eclipse_2018-09\eclipse-jee-2018-09-win32-x86_64\eclipse;;."/>
    <property name="java.specification.name" value="Java Platform API Specification"/>
    <property name="java.class.version" value="52.0"/>
    <property name="sun.management.compiler" value="HotSpot 64-Bit Tiered Compilers"/>
    <property name="os.version" value="10.0"/>
    <property name="user.home" value="C:\Users\PhuocNguyen"/>
    <property name="user.timezone" value="Asia/Bangkok"/>
    <property name="java.awt.printerjob" value="sun.awt.windows.WPrinterJob"/>
    <property name="java.specification.version" value="1.8"/>
    <property name="file.encoding" value="Cp1252"/>
    <property name="user.name" value="PhuocNguyen"/>
    <property name="java.class.path" value="D:\Dung\Tool\eclip\eclipse_2018-09\eclipse-jee-2018-09-win32-x86_64\eclipse\plugins\org.eclipse.m2e.maven.runtime_1.9.1.20180912-1600\jars\plexus-classworlds-2.5.2.jar"/>
    <property name="java.vm.specification.version" value="1.8"/>
    <property name="sun.arch.data.model" value="64"/>
    <property name="java.home" value="C:\Program Files\Java\jdk1.8.0_221\jre"/>
    <property name="sun.java.command" value="org.codehaus.plexus.classworlds.launcher.Launcher -B -gs D:\Dung\Source\Github\maven\.m2\setting.xml install"/>
    <property name="java.specification.vendor" value="Oracle Corporation"/>
    <property name="user.language" value="en"/>
    <property name="awt.toolkit" value="sun.awt.windows.WToolkit"/>
    <property name="java.vm.info" value="mixed mode"/>
    <property name="java.version" value="1.8.0_221"/>
    <property name="java.ext.dirs" value="C:\Program Files\Java\jdk1.8.0_221\jre\lib\ext;C:\WINDOWS\Sun\Java\lib\ext"/>
    <property name="sun.boot.class.path" value="C:\Program Files\Java\jdk1.8.0_221\jre\lib\resources.jar;C:\Program Files\Java\jdk1.8.0_221\jre\lib\rt.jar;C:\Program Files\Java\jdk1.8.0_221\jre\lib\sunrsasign.jar;C:\Program Files\Java\jdk1.8.0_221\jre\lib\jsse.jar;C:\Program Files\Java\jdk1.8.0_221\jre\lib\jce.jar;C:\Program Files\Java\jdk1.8.0_221\jre\lib\charsets.jar;C:\Program Files\Java\jdk1.8.0_221\jre\lib\jfr.jar;C:\Program Files\Java\jdk1.8.0_221\jre\classes"/>
    <property name="java.vendor" value="Oracle Corporation"/>
    <property name="maven.home" value="D:\Dung\Source\Github\java-core\EMBEDDED"/>
    <property name="file.separator" value="\"/>
    <property name="java.vendor.url.bug" value="http://bugreport.sun.com/bugreport/"/>
    <property name="sun.cpu.endian" value="little"/>
    <property name="sun.io.unicode.encoding" value="UnicodeLittle"/>
    <property name="sun.desktop" value="windows"/>
    <property name="sun.cpu.isalist" value="amd64"/>
  </properties>
  <testcase name="sort1" classname="com.java.library.core.sorting.ImplementFastSortingTest" time="0">
    <failure message="&#10;Expected: 0 -&gt; 1 -&gt; 2 -&gt; 3 -&gt; 4 -&gt; 5 -&gt; 6 -&gt; 7 -&gt; 8 -&gt; 9 -&gt; null&#10;Actual: null&#10;" type="java.lang.AssertionError">java.lang.AssertionError: 
Expected: 0 -> 1 -> 2 -> 3 -> 4 -> 5 -> 6 -> 7 -> 8 -> 9 -> null
Actual: null

	at org.junit.Assert.fail(Assert.java:88)
	at com.java.library.core.util.AssertUtils.assertSameList(AssertUtils.java:37)
	at com.java.library.core.sorting.ImplementFastSortingTest.test(ImplementFastSortingTest.java:45)
	at com.java.library.core.sorting.ImplementFastSortingTest.sort1(ImplementFastSortingTest.java:23)
</failure>
  </testcase>
  <testcase name="sort2" classname="com.java.library.core.sorting.ImplementFastSortingTest" time="0">
    <failure message="&#10;Expected: 0 -&gt; 1 -&gt; 2 -&gt; 3 -&gt; 4 -&gt; 5 -&gt; 6 -&gt; 7 -&gt; 8 -&gt; 9 -&gt; 10 -&gt; 11 -&gt; 12 -&gt; 13 -&gt; 14 -&gt; 15 -&gt; 16 -&gt; 17 -&gt; 18 -&gt; 19 -&gt; 20 -&gt; 21 -&gt; 22 -&gt; 23 -&gt; 24 -&gt; 25 -&gt; 26 -&gt; 27 -&gt; 28 -&gt; 29 -&gt; 30 -&gt; 31 -&gt; 32 -&gt; 33 -&gt; 34 -&gt; 35 -&gt; 36 -&gt; 37 -&gt; 38 -&gt; 39 -&gt; 40 -&gt; 41 -&gt; 42 -&gt; 43 -&gt; 44 -&gt; 45 -&gt; 46 -&gt; 47 -&gt; 48 -&gt; 49 -&gt; null&#10;Actual: null&#10;" type="java.lang.AssertionError">java.lang.AssertionError: 
Expected: 0 -> 1 -> 2 -> 3 -> 4 -> 5 -> 6 -> 7 -> 8 -> 9 -> 10 -> 11 -> 12 -> 13 -> 14 -> 15 -> 16 -> 17 -> 18 -> 19 -> 20 -> 21 -> 22 -> 23 -> 24 -> 25 -> 26 -> 27 -> 28 -> 29 -> 30 -> 31 -> 32 -> 33 -> 34 -> 35 -> 36 -> 37 -> 38 -> 39 -> 40 -> 41 -> 42 -> 43 -> 44 -> 45 -> 46 -> 47 -> 48 -> 49 -> null
Actual: null

	at org.junit.Assert.fail(Assert.java:88)
	at com.java.library.core.util.AssertUtils.assertSameList(AssertUtils.java:37)
	at com.java.library.core.sorting.ImplementFastSortingTest.test(ImplementFastSortingTest.java:45)
	at com.java.library.core.sorting.ImplementFastSortingTest.sort2(ImplementFastSortingTest.java:30)
</failure>
  </testcase>
  <testcase name="sort3" classname="com.java.library.core.sorting.ImplementFastSortingTest" time="0">
    <failure message="&#10;Expected: 0 -&gt; 1 -&gt; 2 -&gt; 3 -&gt; 4 -&gt; 5 -&gt; 6 -&gt; 7 -&gt; 8 -&gt; 9 -&gt; 10 -&gt; 11 -&gt; 12 -&gt; 13 -&gt; 14 -&gt; 15 -&gt; 16 -&gt; 17 -&gt; 18 -&gt; 19 -&gt; 20 -&gt; 21 -&gt; 22 -&gt; 23 -&gt; 24 -&gt; 25 -&gt; 26 -&gt; 27 -&gt; 28 -&gt; 29 -&gt; 30 -&gt; 31 -&gt; 32 -&gt; 33 -&gt; 34 -&gt; 35 -&gt; 36 -&gt; 37 -&gt; 38 -&gt; 39 -&gt; 40 -&gt; 41 -&gt; 42 -&gt; 43 -&gt; 44 -&gt; 45 -&gt; 46 -&gt; 47 -&gt; 48 -&gt; 49 -&gt; 50 -&gt; 51 -&gt; 52 -&gt; 53 -&gt; 54 -&gt; 55 -&gt; 56 -&gt; 57 -&gt; 58 -&gt; 59 -&gt; 60 -&gt; 61 -&gt; 62 -&gt; 63 -&gt; 64 -&gt; 65 -&gt; 66 -&gt; 67 -&gt; 68 -&gt; 69 -&gt; 70 -&gt; 71 -&gt; 72 -&gt; 73 -&gt; 74 -&gt; 75 -&gt; 76 -&gt; 77 -&gt; 78 -&gt; 79 -&gt; 80 -&gt; 81 -&gt; 82 -&gt; 83 -&gt; 84 -&gt; 85 -&gt; 86 -&gt; 87 -&gt; 88 -&gt; 89 -&gt; 90 -&gt; 91 -&gt; 92 -&gt; 93 -&gt; 94 -&gt; 95 -&gt; 96 -&gt; 97 -&gt; 98 -&gt; 99 -&gt; null&#10;Actual: null&#10;" type="java.lang.AssertionError">java.lang.AssertionError: 
Expected: 0 -> 1 -> 2 -> 3 -> 4 -> 5 -> 6 -> 7 -> 8 -> 9 -> 10 -> 11 -> 12 -> 13 -> 14 -> 15 -> 16 -> 17 -> 18 -> 19 -> 20 -> 21 -> 22 -> 23 -> 24 -> 25 -> 26 -> 27 -> 28 -> 29 -> 30 -> 31 -> 32 -> 33 -> 34 -> 35 -> 36 -> 37 -> 38 -> 39 -> 40 -> 41 -> 42 -> 43 -> 44 -> 45 -> 46 -> 47 -> 48 -> 49 -> 50 -> 51 -> 52 -> 53 -> 54 -> 55 -> 56 -> 57 -> 58 -> 59 -> 60 -> 61 -> 62 -> 63 -> 64 -> 65 -> 66 -> 67 -> 68 -> 69 -> 70 -> 71 -> 72 -> 73 -> 74 -> 75 -> 76 -> 77 -> 78 -> 79 -> 80 -> 81 -> 82 -> 83 -> 84 -> 85 -> 86 -> 87 -> 88 -> 89 -> 90 -> 91 -> 92 -> 93 -> 94 -> 95 -> 96 -> 97 -> 98 -> 99 -> null
Actual: null

	at org.junit.Assert.fail(Assert.java:88)
	at com.java.library.core.util.AssertUtils.assertSameList(AssertUtils.java:37)
	at com.java.library.core.sorting.ImplementFastSortingTest.test(ImplementFastSortingTest.java:45)
	at com.java.library.core.sorting.ImplementFastSortingTest.sort3(ImplementFastSortingTest.java:37)
</failure>
  </testcase>
</testsuite>