-------------------------------------------------------------------------------
Test set: com.java.library.core.binarysearchtrees.MostVisitedPagesTest
-------------------------------------------------------------------------------
Tests run: 3, Failures: 3, Errors: 0, Skipped: 0, Time elapsed: 0 sec <<< FAILURE! - in com.java.library.core.binarysearchtrees.MostVisitedPagesTest
findMostVisited1(com.java.library.core.binarysearchtrees.MostVisitedPagesTest)  Time elapsed: 0 sec  <<< FAILURE!
java.lang.AssertionError: 
Expected: [4]
Actual: []

	at org.junit.Assert.fail(Assert.java:88)
	at com.java.library.core.util.AssertUtils.assertSameContentsInt(AssertUtils.java:75)
	at com.java.library.core.binarysearchtrees.MostVisitedPagesTest.test(MostVisitedPagesTest.java:44)
	at com.java.library.core.binarysearchtrees.MostVisitedPagesTest.findMostVisited1(MostVisitedPagesTest.java:22)

findMostVisited2(com.java.library.core.binarysearchtrees.MostVisitedPagesTest)  Time elapsed: 0 sec  <<< FAILURE!
java.lang.AssertionError: 
Expected: [2, 3, 4]
Actual: []

	at org.junit.Assert.fail(Assert.java:88)
	at com.java.library.core.util.AssertUtils.assertSameContentsInt(AssertUtils.java:75)
	at com.java.library.core.binarysearchtrees.MostVisitedPagesTest.test(MostVisitedPagesTest.java:44)
	at com.java.library.core.binarysearchtrees.MostVisitedPagesTest.findMostVisited2(MostVisitedPagesTest.java:31)

findMostVisited3(com.java.library.core.binarysearchtrees.MostVisitedPagesTest)  Time elapsed: 0 sec  <<< FAILURE!
java.lang.AssertionError: 
Expected: [2, 3, 4, 6, 7]
Actual: []

	at org.junit.Assert.fail(Assert.java:88)
	at com.java.library.core.util.AssertUtils.assertSameContentsInt(AssertUtils.java:75)
	at com.java.library.core.binarysearchtrees.MostVisitedPagesTest.test(MostVisitedPagesTest.java:44)
	at com.java.library.core.binarysearchtrees.MostVisitedPagesTest.findMostVisited3(MostVisitedPagesTest.java:40)

