-------------------------------------------------------------------------------
Test set: com.java.library.core.binarysearchtrees.FindKLargestTest
-------------------------------------------------------------------------------
Tests run: 3, Failures: 3, Errors: 0, Skipped: 0, Time elapsed: 0 sec <<< FAILURE! - in com.java.library.core.binarysearchtrees.FindKLargestTest
findLargest1(com.java.library.core.binarysearchtrees.FindKLargestTest)  Time elapsed: 0 sec  <<< FAILURE!
java.lang.AssertionError: 
Expected: [108, 243, 285, 285, 401]
Actual: []

	at org.junit.Assert.fail(Assert.java:88)
	at com.java.library.core.util.AssertUtils.assertSameContentsInt(AssertUtils.java:75)
	at com.java.library.core.binarysearchtrees.FindKLargestTest.test(FindKLargestTest.java:46)
	at com.java.library.core.binarysearchtrees.FindKLargestTest.findLargest1(FindKLargestTest.java:24)

findLargest2(com.java.library.core.binarysearchtrees.FindKLargestTest)  Time elapsed: 0 sec  <<< FAILURE!
java.lang.AssertionError: 
Expected: [53]
Actual: []

	at org.junit.Assert.fail(Assert.java:88)
	at com.java.library.core.util.AssertUtils.assertSameContentsInt(AssertUtils.java:75)
	at com.java.library.core.binarysearchtrees.FindKLargestTest.test(FindKLargestTest.java:46)
	at com.java.library.core.binarysearchtrees.FindKLargestTest.findLargest2(FindKLargestTest.java:33)

findLargest3(com.java.library.core.binarysearchtrees.FindKLargestTest)  Time elapsed: 0 sec  <<< FAILURE!
java.lang.AssertionError: 
Expected: [53, 47, 43]
Actual: []

	at org.junit.Assert.fail(Assert.java:88)
	at com.java.library.core.util.AssertUtils.assertSameContentsInt(AssertUtils.java:75)
	at com.java.library.core.binarysearchtrees.FindKLargestTest.test(FindKLargestTest.java:46)
	at com.java.library.core.binarysearchtrees.FindKLargestTest.findLargest3(FindKLargestTest.java:42)

