-------------------------------------------------------------------------------
Test set: com.java.library.core.dynamicprogramming.ComputeScoreCombinationsTest
-------------------------------------------------------------------------------
Tests run: 2, Failures: 2, Errors: 0, Skipped: 0, Time elapsed: 0 sec <<< FAILURE! - in com.java.library.core.dynamicprogramming.ComputeScoreCombinationsTest
compute1(com.java.library.core.dynamicprogramming.ComputeScoreCombinationsTest)  Time elapsed: 0 sec  <<< FAILURE!
java.lang.AssertionError: expected:<4> but was:<0>
	at org.junit.Assert.fail(Assert.java:88)
	at org.junit.Assert.failNotEquals(Assert.java:834)
	at org.junit.Assert.assertEquals(Assert.java:645)
	at org.junit.Assert.assertEquals(Assert.java:631)
	at com.java.library.core.dynamicprogramming.ComputeScoreCombinationsTest.test(ComputeScoreCombinationsTest.java:35)
	at com.java.library.core.dynamicprogramming.ComputeScoreCombinationsTest.compute1(ComputeScoreCombinationsTest.java:22)

compute2(com.java.library.core.dynamicprogramming.ComputeScoreCombinationsTest)  Time elapsed: 0 sec  <<< FAILURE!
java.lang.AssertionError: expected:<2> but was:<0>
	at org.junit.Assert.fail(Assert.java:88)
	at org.junit.Assert.failNotEquals(Assert.java:834)
	at org.junit.Assert.assertEquals(Assert.java:645)
	at org.junit.Assert.assertEquals(Assert.java:631)
	at com.java.library.core.dynamicprogramming.ComputeScoreCombinationsTest.test(ComputeScoreCombinationsTest.java:35)
	at com.java.library.core.dynamicprogramming.ComputeScoreCombinationsTest.compute2(ComputeScoreCombinationsTest.java:31)

