-------------------------------------------------------------------------------
Test set: com.java.library.core.dynamicprogramming.LongestNondecreasingSubsequenceTest
-------------------------------------------------------------------------------
Tests run: 3, Failures: 3, Errors: 0, Skipped: 0, Time elapsed: 0 sec <<< FAILURE! - in com.java.library.core.dynamicprogramming.LongestNondecreasingSubsequenceTest
compute1(com.java.library.core.dynamicprogramming.LongestNondecreasingSubsequenceTest)  Time elapsed: 0 sec  <<< FAILURE!
java.lang.AssertionError: expected:<4> but was:<0>
	at org.junit.Assert.fail(Assert.java:88)
	at org.junit.Assert.failNotEquals(Assert.java:834)
	at org.junit.Assert.assertEquals(Assert.java:645)
	at org.junit.Assert.assertEquals(Assert.java:631)
	at com.java.library.core.dynamicprogramming.LongestNondecreasingSubsequenceTest.test(LongestNondecreasingSubsequenceTest.java:40)
	at com.java.library.core.dynamicprogramming.LongestNondecreasingSubsequenceTest.compute1(LongestNondecreasingSubsequenceTest.java:20)

compute2(com.java.library.core.dynamicprogramming.LongestNondecreasingSubsequenceTest)  Time elapsed: 0 sec  <<< FAILURE!
java.lang.AssertionError: expected:<5> but was:<0>
	at org.junit.Assert.fail(Assert.java:88)
	at org.junit.Assert.failNotEquals(Assert.java:834)
	at org.junit.Assert.assertEquals(Assert.java:645)
	at org.junit.Assert.assertEquals(Assert.java:631)
	at com.java.library.core.dynamicprogramming.LongestNondecreasingSubsequenceTest.test(LongestNondecreasingSubsequenceTest.java:40)
	at com.java.library.core.dynamicprogramming.LongestNondecreasingSubsequenceTest.compute2(LongestNondecreasingSubsequenceTest.java:28)

compute3(com.java.library.core.dynamicprogramming.LongestNondecreasingSubsequenceTest)  Time elapsed: 0 sec  <<< FAILURE!
java.lang.AssertionError: expected:<4> but was:<0>
	at org.junit.Assert.fail(Assert.java:88)
	at org.junit.Assert.failNotEquals(Assert.java:834)
	at org.junit.Assert.assertEquals(Assert.java:645)
	at org.junit.Assert.assertEquals(Assert.java:631)
	at com.java.library.core.dynamicprogramming.LongestNondecreasingSubsequenceTest.test(LongestNondecreasingSubsequenceTest.java:40)
	at com.java.library.core.dynamicprogramming.LongestNondecreasingSubsequenceTest.compute3(LongestNondecreasingSubsequenceTest.java:36)

