-------------------------------------------------------------------------------
Test set: com.java.library.core.dynamicprogramming.ComputeBinomialCoefficientsTest
-------------------------------------------------------------------------------
Tests run: 3, Failures: 3, Errors: 0, Skipped: 0, Time elapsed: 0.001 sec <<< FAILURE! - in com.java.library.core.dynamicprogramming.ComputeBinomialCoefficientsTest
compute1(com.java.library.core.dynamicprogramming.ComputeBinomialCoefficientsTest)  Time elapsed: 0 sec  <<< FAILURE!
java.lang.AssertionError: expected:<10> but was:<0>
	at org.junit.Assert.fail(Assert.java:88)
	at org.junit.Assert.failNotEquals(Assert.java:834)
	at org.junit.Assert.assertEquals(Assert.java:645)
	at org.junit.Assert.assertEquals(Assert.java:631)
	at com.java.library.core.dynamicprogramming.ComputeBinomialCoefficientsTest.test(ComputeBinomialCoefficientsTest.java:41)
	at com.java.library.core.dynamicprogramming.ComputeBinomialCoefficientsTest.compute1(ComputeBinomialCoefficientsTest.java:19)

compute2(com.java.library.core.dynamicprogramming.ComputeBinomialCoefficientsTest)  Time elapsed: 0 sec  <<< FAILURE!
java.lang.AssertionError: expected:<850668> but was:<0>
	at org.junit.Assert.fail(Assert.java:88)
	at org.junit.Assert.failNotEquals(Assert.java:834)
	at org.junit.Assert.assertEquals(Assert.java:645)
	at org.junit.Assert.assertEquals(Assert.java:631)
	at com.java.library.core.dynamicprogramming.ComputeBinomialCoefficientsTest.test(ComputeBinomialCoefficientsTest.java:41)
	at com.java.library.core.dynamicprogramming.ComputeBinomialCoefficientsTest.compute2(ComputeBinomialCoefficientsTest.java:28)

compute3(com.java.library.core.dynamicprogramming.ComputeBinomialCoefficientsTest)  Time elapsed: 0 sec  <<< FAILURE!
java.lang.AssertionError: expected:<245157> but was:<0>
	at org.junit.Assert.fail(Assert.java:88)
	at org.junit.Assert.failNotEquals(Assert.java:834)
	at org.junit.Assert.assertEquals(Assert.java:645)
	at org.junit.Assert.assertEquals(Assert.java:631)
	at com.java.library.core.dynamicprogramming.ComputeBinomialCoefficientsTest.test(ComputeBinomialCoefficientsTest.java:41)
	at com.java.library.core.dynamicprogramming.ComputeBinomialCoefficientsTest.compute3(ComputeBinomialCoefficientsTest.java:37)

