<?xml version="1.0" encoding="UTF-8"?>
<testsuite name="com.java.library.core.dynamicprogramming.SearchSequence2DTest" time="0" tests="3" errors="0" skipped="0" failures="2">
  <properties>
[...]
</properties>
  <testcase name="isContained1" classname="com.java.library.core.dynamicprogramming.SearchSequence2DTest" time="0">
    <failure message="expected:&lt;true&gt; but was:&lt;false&gt;" type="java.lang.AssertionError"><![CDATA[java.lang.AssertionError: expected:<true> but was:<false>
	at org.junit.Assert.fail(Assert.java:88)
	at org.junit.Assert.failNotEquals(Assert.java:834)
	at org.junit.Assert.assertEquals(Assert.java:118)
	at org.junit.Assert.assertEquals(Assert.java:144)
	at com.java.library.core.dynamicprogramming.SearchSequence2DTest.test(SearchSequence2DTest.java:44)
	at com.java.library.core.dynamicprogramming.SearchSequence2DTest.isContained1(SearchSequence2DTest.java:22)
]]></failure>
  </testcase>
  <testcase name="isContained2" classname="com.java.library.core.dynamicprogramming.SearchSequence2DTest" time="0"/>
  <testcase name="isContained3" classname="com.java.library.core.dynamicprogramming.SearchSequence2DTest" time="0">
    <failure message="expected:&lt;true&gt; but was:&lt;false&gt;" type="java.lang.AssertionError"><![CDATA[java.lang.AssertionError: expected:<true> but was:<false>
	at org.junit.Assert.fail(Assert.java:88)
	at org.junit.Assert.failNotEquals(Assert.java:834)
	at org.junit.Assert.assertEquals(Assert.java:118)
	at org.junit.Assert.assertEquals(Assert.java:144)
	at com.java.library.core.dynamicprogramming.SearchSequence2DTest.test(SearchSequence2DTest.java:44)
	at com.java.library.core.dynamicprogramming.SearchSequence2DTest.isContained3(SearchSequence2DTest.java:40)
]]></failure>
  </testcase>
</testsuite>