-------------------------------------------------------------------------------
Test set: com.java.library.core.binarytree.ReconstructBinaryTreeTest
-------------------------------------------------------------------------------
Tests run: 3, Failures: 3, Errors: 0, Skipped: 0, Time elapsed: 0.001 sec <<< FAILURE! - in com.java.library.core.binarytree.ReconstructBinaryTreeTest
binaryTreeFromPreorderInorder1(com.java.library.core.binarytree.ReconstructBinaryTreeTest)  Time elapsed: 0.001 sec  <<< FAILURE!
java.lang.AssertionError: expected:<BinaryTree{data=0, left=1, right=null}> but was:<BinaryTree{data=0, left=null, right=null}>
	at org.junit.Assert.fail(Assert.java:88)
	at org.junit.Assert.failNotEquals(Assert.java:834)
	at org.junit.Assert.assertEquals(Assert.java:118)
	at org.junit.Assert.assertEquals(Assert.java:144)
	at com.java.library.core.binarytree.ReconstructBinaryTreeTest.test(ReconstructBinaryTreeTest.java:47)
	at com.java.library.core.binarytree.ReconstructBinaryTreeTest.binaryTreeFromPreorderInorder1(ReconstructBinaryTreeTest.java:25)

binaryTreeFromPreorderInorder2(com.java.library.core.binarytree.ReconstructBinaryTreeTest)  Time elapsed: 0 sec  <<< FAILURE!
java.lang.AssertionError: expected:<BinaryTree{data=4, left=2, right=6}> but was:<BinaryTree{data=0, left=null, right=null}>
	at org.junit.Assert.fail(Assert.java:88)
	at org.junit.Assert.failNotEquals(Assert.java:834)
	at org.junit.Assert.assertEquals(Assert.java:118)
	at org.junit.Assert.assertEquals(Assert.java:144)
	at com.java.library.core.binarytree.ReconstructBinaryTreeTest.test(ReconstructBinaryTreeTest.java:47)
	at com.java.library.core.binarytree.ReconstructBinaryTreeTest.binaryTreeFromPreorderInorder2(ReconstructBinaryTreeTest.java:34)

binaryTreeFromPreorderInorder3(com.java.library.core.binarytree.ReconstructBinaryTreeTest)  Time elapsed: 0 sec  <<< FAILURE!
java.lang.AssertionError: expected:<BinaryTree{data=314, left=6, right=6}> but was:<BinaryTree{data=0, left=null, right=null}>
	at org.junit.Assert.fail(Assert.java:88)
	at org.junit.Assert.failNotEquals(Assert.java:834)
	at org.junit.Assert.assertEquals(Assert.java:118)
	at org.junit.Assert.assertEquals(Assert.java:144)
	at com.java.library.core.binarytree.ReconstructBinaryTreeTest.test(ReconstructBinaryTreeTest.java:47)
	at com.java.library.core.binarytree.ReconstructBinaryTreeTest.binaryTreeFromPreorderInorder3(ReconstructBinaryTreeTest.java:43)

