-------------------------------------------------------------------------------
Test set: com.java.library.core.greedyalgorithm.ComputeMaximumWaterTrappedTest
-------------------------------------------------------------------------------
Tests run: 2, Failures: 2, Errors: 0, Skipped: 0, Time elapsed: 0 sec <<< FAILURE! - in com.java.library.core.greedyalgorithm.ComputeMaximumWaterTrappedTest
getMaxTrappedWater1(com.java.library.core.greedyalgorithm.ComputeMaximumWaterTrappedTest)  Time elapsed: 0 sec  <<< FAILURE!
java.lang.AssertionError: expected:<com.java.library.core.datastructures.Tuple@762efe5d> but was:<0>
	at org.junit.Assert.fail(Assert.java:88)
	at org.junit.Assert.failNotEquals(Assert.java:834)
	at org.junit.Assert.assertEquals(Assert.java:118)
	at org.junit.Assert.assertEquals(Assert.java:144)
	at com.java.library.core.greedyalgorithm.ComputeMaximumWaterTrappedTest.test(ComputeMaximumWaterTrappedTest.java:34)
	at com.java.library.core.greedyalgorithm.ComputeMaximumWaterTrappedTest.getMaxTrappedWater1(ComputeMaximumWaterTrappedTest.java:22)

getMaxTrappedWater2(com.java.library.core.greedyalgorithm.ComputeMaximumWaterTrappedTest)  Time elapsed: 0 sec  <<< FAILURE!
java.lang.AssertionError: expected:<com.java.library.core.datastructures.Tuple@5d22bbb7> but was:<0>
	at org.junit.Assert.fail(Assert.java:88)
	at org.junit.Assert.failNotEquals(Assert.java:834)
	at org.junit.Assert.assertEquals(Assert.java:118)
	at org.junit.Assert.assertEquals(Assert.java:144)
	at com.java.library.core.greedyalgorithm.ComputeMaximumWaterTrappedTest.test(ComputeMaximumWaterTrappedTest.java:34)
	at com.java.library.core.greedyalgorithm.ComputeMaximumWaterTrappedTest.getMaxTrappedWater2(ComputeMaximumWaterTrappedTest.java:30)

