-------------------------------------------------------------------------------
Test set: com.java.library.core.greedyalgorithm.IntervalCoveringProblemTest
-------------------------------------------------------------------------------
Tests run: 3, Failures: 3, Errors: 0, Skipped: 0, Time elapsed: 0 sec <<< FAILURE! - in com.java.library.core.greedyalgorithm.IntervalCoveringProblemTest
findMinimumVisits1(com.java.library.core.greedyalgorithm.IntervalCoveringProblemTest)  Time elapsed: 0 sec  <<< FAILURE!
java.lang.AssertionError: 
Expected: [3, 6]
Actual: []

	at org.junit.Assert.fail(Assert.java:88)
	at com.java.library.core.util.AssertUtils.assertSameContentsInt(AssertUtils.java:75)
	at com.java.library.core.greedyalgorithm.IntervalCoveringProblemTest.test(IntervalCoveringProblemTest.java:41)
	at com.java.library.core.greedyalgorithm.IntervalCoveringProblemTest.findMinimumVisits1(IntervalCoveringProblemTest.java:21)

findMinimumVisits2(com.java.library.core.greedyalgorithm.IntervalCoveringProblemTest)  Time elapsed: 0 sec  <<< FAILURE!
java.lang.AssertionError: 
Expected: [3, 7]
Actual: []

	at org.junit.Assert.fail(Assert.java:88)
	at com.java.library.core.util.AssertUtils.assertSameContentsInt(AssertUtils.java:75)
	at com.java.library.core.greedyalgorithm.IntervalCoveringProblemTest.test(IntervalCoveringProblemTest.java:41)
	at com.java.library.core.greedyalgorithm.IntervalCoveringProblemTest.findMinimumVisits2(IntervalCoveringProblemTest.java:29)

findMinimumVisits3(com.java.library.core.greedyalgorithm.IntervalCoveringProblemTest)  Time elapsed: 0 sec  <<< FAILURE!
java.lang.AssertionError: 
Expected: [0, 4, 7]
Actual: []

	at org.junit.Assert.fail(Assert.java:88)
	at com.java.library.core.util.AssertUtils.assertSameContentsInt(AssertUtils.java:75)
	at com.java.library.core.greedyalgorithm.IntervalCoveringProblemTest.test(IntervalCoveringProblemTest.java:41)
	at com.java.library.core.greedyalgorithm.IntervalCoveringProblemTest.findMinimumVisits3(IntervalCoveringProblemTest.java:37)

